<bills>
<bill id="547f40b81" sscode="CA15">
<number>
<session>2015-2016</session>
  <code>CA</code>
  <type>AB</type>
  <number>33</number>
</number>
<sponsor>
<name><![CDATA[Asm. Bill Quirk (DEM-CA)]]></name>
<URL><![CDATA[http://asmdc.org/members/a20]]></URL>
</sponsor>
<title>
<![CDATA[Electrical corporations: energy storage systems: long duration bulk energy storage resources.]]>
</title>
<abstract>
<![CDATA[An act to add Section 2836.8 to the Public Utilities Code, relating to electricity. ]]>
</abstract>
<status>
<statusdt>08/30/2016</statusdt><statusval><![CDATA[From committee: That the Senate amendments be concurred in. (Ayes 14. Noes 0.) (August 30).]]></statusval>
<standardkey>70000</standardkey><standardval>Passed second chamber</standardval>
</status>
<billurl>
<![CDATA[http://www.cqstatetrack.com/texis/redir?id=547f40b81&rtype=text]]>
</billurl>
<statusurl>
<![CDATA[http://www.cqstatetrack.com/texis/redir?id=547f40b81&rtype=status]]>
</statusurl>
<profiles>
<profile id="56a943651faa" status="tracking">
  <pname><![CDATA[ ADM|general business|Biodiesel]]></pname>
<keywords>
  <keyword><![CDATA[biodiesel]]></keyword>
  </keywords>
</profile>
<profile id="56a9437610ca" status="tracking">
  <pname><![CDATA[ ADM|general business|Carbon Capture and Storage]]></pname>
<keywords>
  <keyword><![CDATA[carbon capture]]></keyword>
  <keyword><![CDATA[carbon capture and storage]]></keyword>
  </keywords>
</profile>
<profile id="52d45db620d" status="tracking">
  <pname><![CDATA[ Poet|Profile|greenhouse gas]]></pname>
<keywords>
  <keyword><![CDATA[greenhouse gas]]></keyword>
  </keywords>
</profile>
</profiles>
<relatedbills></relatedbills>
<hearings></hearings>
</bill>
</bills>
